Connecting to database specified by database.yml
  [1m[36m (0.1ms)[0m  [1mSELECT "schema_migrations"."version" FROM "schema_migrations" [0m
Migrating to CreateMovies (20111119180638)
  [1m[35m (0.1ms)[0m  select sqlite_version(*)
  [1m[36m (0.1ms)[0m  [1mSELECT "schema_migrations"."version" FROM "schema_migrations" [0m
Connecting to database specified by database.yml
Connecting to database specified by database.yml
  [1m[36m (0.1ms)[0m  [1mSELECT "schema_migrations"."version" FROM "schema_migrations" [0m
  [1m[36m (0.1ms)[0m  [1mSELECT "schema_migrations"."version" FROM "schema_migrations" [0m
  [1m[35m (0.2ms)[0m  select sqlite_version(*)
  [1m[36m (2.0ms)[0m  [1mCREATE TABLE "movies" ("id" INTEGER PRIMARY KEY AUTOINCREMENT NOT NULL, "title" varchar(255), "rating" varchar(255), "description" text, "release_date" datetime, "created_at" datetime, "updated_at" datetime) [0m
  [1m[35m (1.3ms)[0m  CREATE TABLE "schema_migrations" ("version" varchar(255) NOT NULL) 
  [1m[36m (1.2ms)[0m  [1mCREATE UNIQUE INDEX "unique_schema_migrations" ON "schema_migrations" ("version")[0m
  [1m[35m (0.1ms)[0m  SELECT version FROM "schema_migrations"
  [1m[36m (1.3ms)[0m  [1mINSERT INTO "schema_migrations" (version) VALUES ('20120130161449')[0m
  [1m[35m (1.3ms)[0m  INSERT INTO "schema_migrations" (version) VALUES ('20111119180638')
  [1m[35m (0.3ms)[0m  select sqlite_version(*)
  [1m[36m (1.3ms)[0m  [1mDROP TABLE "movies"[0m
  [1m[35m (1.0ms)[0m  CREATE TABLE "movies" ("id" INTEGER PRIMARY KEY AUTOINCREMENT NOT NULL, "title" varchar(255), "rating" varchar(255), "description" text, "release_date" datetime, "created_at" datetime, "updated_at" datetime) 
  [1m[36m (0.1ms)[0m  [1mSELECT version FROM "schema_migrations"[0m
Connecting to database specified by database.yml
Connecting to database specified by database.yml
  [1m[36m (0.1ms)[0m  [1mSELECT "schema_migrations"."version" FROM "schema_migrations" [0m
Migrating to CreateMovies (20111119180638)
Migrating to AddDirectorToMovies (20140604164056)
  [1m[35m (0.0ms)[0m  select sqlite_version(*)
  [1m[36m (0.0ms)[0m  [1mbegin transaction[0m
  [1m[35m (0.3ms)[0m  ALTER TABLE "movies" ADD "director" varchar(255)
  [1m[36m (0.1ms)[0m  [1mINSERT INTO "schema_migrations" ("version") VALUES ('20140604164056')[0m
  [1m[35m (1.9ms)[0m  commit transaction
  [1m[36m (0.1ms)[0m  [1mSELECT "schema_migrations"."version" FROM "schema_migrations" [0m
Connecting to database specified by database.yml
Connecting to database specified by database.yml
  [1m[36m (0.1ms)[0m  [1mSELECT "schema_migrations"."version" FROM "schema_migrations" [0m
  [1m[35m (0.2ms)[0m  select sqlite_version(*)
  [1m[36m (1.3ms)[0m  [1mCREATE TABLE "movies" ("id" INTEGER PRIMARY KEY AUTOINCREMENT NOT NULL, "title" varchar(255), "rating" varchar(255), "description" text, "release_date" datetime, "created_at" datetime, "updated_at" datetime, "director" varchar(255)) [0m
  [1m[35m (1.1ms)[0m  CREATE TABLE "schema_migrations" ("version" varchar(255) NOT NULL) 
  [1m[36m (1.2ms)[0m  [1mCREATE UNIQUE INDEX "unique_schema_migrations" ON "schema_migrations" ("version")[0m
  [1m[35m (0.1ms)[0m  SELECT version FROM "schema_migrations"
  [1m[36m (1.3ms)[0m  [1mINSERT INTO "schema_migrations" (version) VALUES ('20140604164056')[0m
  [1m[35m (1.6ms)[0m  INSERT INTO "schema_migrations" (version) VALUES ('20111119180638')
Connecting to database specified by database.yml
Connecting to database specified by database.yml
Connecting to database specified by database.yml
Connecting to database specified by database.yml
Connecting to database specified by database.yml


Started GET "/movies" for 127.0.0.1 at 2014-06-05 21:04:55 +0300
Connecting to database specified by database.yml
Processing by MoviesController#index as HTML
  [1m[36mMovie Load (0.3ms)[0m  [1mSELECT "movies".* FROM "movies" WHERE "movies"."rating" IN ('G', 'PG', 'PG-13', 'NC-17', 'R')[0m
  Rendered movies/index.html.haml within layouts/application (20.6ms)
Compiled application.css  (0ms)  (pid 3155)
Compiled jquery.js  (2ms)  (pid 3155)
Compiled jquery_ujs.js  (0ms)  (pid 3155)
Compiled application.js  (117ms)  (pid 3155)
Completed 200 OK in 315.5ms (Views: 235.8ms | ActiveRecord: 2.3ms)


Started GET "/assets/application.css?body=1" for 127.0.0.1 at 2014-06-05 21:04:56 +0300
Served asset /application.css - 200 OK (3ms)


Started GET "/assets/application.js?body=1" for 127.0.0.1 at 2014-06-05 21:04:56 +0300
Served asset /application.js - 304 Not Modified (6ms)


Started GET "/assets/jquery.js?body=1" for 127.0.0.1 at 2014-06-05 21:04:56 +0300
Served asset /jquery.js - 200 OK (2ms)


Started GET "/assets/jquery_ujs.js?body=1" for 127.0.0.1 at 2014-06-05 21:04:56 +0300
Served asset /jquery_ujs.js - 200 OK (2ms)


Started GET "/movies" for 127.0.0.1 at 2014-06-05 21:05:00 +0300
Processing by MoviesController#index as HTML
  [1m[35mMovie Load (0.3ms)[0m  SELECT "movies".* FROM "movies" WHERE "movies"."rating" IN ('G', 'PG', 'PG-13', 'NC-17', 'R')
  Rendered movies/index.html.haml within layouts/application (12.6ms)
Completed 200 OK in 22.4ms (Views: 19.7ms | ActiveRecord: 0.3ms)


Started GET "/assets/application.css?body=1" for 127.0.0.1 at 2014-06-05 21:05:01 +0300
Served asset /application.css - 304 Not Modified (0ms)


Started GET "/assets/jquery.js?body=1" for 127.0.0.1 at 2014-06-05 21:05:01 +0300
Served asset /jquery.js - 304 Not Modified (0ms)


Started GET "/assets/application.js?body=1" for 127.0.0.1 at 2014-06-05 21:05:01 +0300
Served asset /application.js - 304 Not Modified (0ms)


Started GET "/assets/jquery_ujs.js?body=1" for 127.0.0.1 at 2014-06-05 21:05:01 +0300
Served asset /jquery_ujs.js - 304 Not Modified (0ms)


Started GET "/movies/1" for 127.0.0.1 at 2014-06-05 21:05:03 +0300
Processing by MoviesController#show as HTML
  Parameters: {"id"=>"1"}
  [1m[36mMovie Load (0.3ms)[0m  [1mSELECT "movies".* FROM "movies" WHERE "movies"."id" = ? LIMIT 1[0m  [["id", "1"]]
  Rendered movies/show.html.haml within layouts/application (7.0ms)
Completed 200 OK in 55.4ms (Views: 53.0ms | ActiveRecord: 0.3ms)


Started GET "/assets/application.css?body=1" for 127.0.0.1 at 2014-06-05 21:05:03 +0300
Served asset /application.css - 304 Not Modified (0ms)


Started GET "/assets/jquery_ujs.js?body=1" for 127.0.0.1 at 2014-06-05 21:05:03 +0300
Served asset /jquery_ujs.js - 304 Not Modified (0ms)


Started GET "/assets/jquery.js?body=1" for 127.0.0.1 at 2014-06-05 21:05:03 +0300
Served asset /jquery.js - 304 Not Modified (0ms)


Started GET "/assets/application.js?body=1" for 127.0.0.1 at 2014-06-05 21:05:03 +0300
Served asset /application.js - 304 Not Modified (0ms)


Started GET "/movies/with_the_same_director/1" for 127.0.0.1 at 2014-06-05 21:05:07 +0300
Processing by MoviesController#with_the_same_director as HTML
  Parameters: {"id"=>"1"}
  [1m[35mMovie Load (0.2ms)[0m  SELECT "movies".* FROM "movies" WHERE "movies"."id" = 1 LIMIT 1
  [1m[36mMovie Load (0.1ms)[0m  [1mSELECT "movies".* FROM "movies" WHERE "movies"."director" IS NULL LIMIT 1[0m
  Rendered movies/with_the_same_director.html.haml within layouts/application (10.7ms)
Completed 500 Internal Server Error in 21.9ms

ActionView::Template::Error (undefined method `each' for nil:NilClass):
    7:       %th{:class => @date_header}= link_to 'Release Date', movies_path(:sort => 'release_date', :ratings => @selected_ratings), :id => 'release_date_header'
    8:       %th More Info
    9:   %tbody
    10:     - @movies.each do |movie|
    11:       %tr
    12:         %td= movie.title 
    13:         %td= movie.rating
  app/views/movies/with_the_same_director.html.haml:10:in `_app_views_movies_with_the_same_director_html_haml___3830918201835662283_70319426890220'


  Rendered /Users/bogan/.rvm/gems/ruby-1.9.3-p286/gems/actionpack-3.2.18/lib/action_dispatch/middleware/templates/rescues/_trace.erb (2.3ms)
  Rendered /Users/bogan/.rvm/gems/ruby-1.9.3-p286/gems/actionpack-3.2.18/lib/action_dispatch/middleware/templates/rescues/_request_and_response.erb (1.5ms)
  Rendered /Users/bogan/.rvm/gems/ruby-1.9.3-p286/gems/actionpack-3.2.18/lib/action_dispatch/middleware/templates/rescues/template_error.erb within rescues/layout (29.4ms)


Started GET "/movies" for 127.0.0.1 at 2014-06-05 21:14:11 +0300
Processing by MoviesController#index as HTML
  [1m[35mMovie Load (0.3ms)[0m  SELECT "movies".* FROM "movies" WHERE "movies"."rating" IN ('G', 'PG', 'PG-13', 'NC-17', 'R')
  Rendered movies/index.html.haml within layouts/application (13.7ms)
Completed 200 OK in 76.7ms (Views: 61.5ms | ActiveRecord: 0.7ms)


Started GET "/assets/application.css?body=1" for 127.0.0.1 at 2014-06-05 21:14:11 +0300
Served asset /application.css - 304 Not Modified (0ms)


Started GET "/assets/jquery.js?body=1" for 127.0.0.1 at 2014-06-05 21:14:11 +0300
Served asset /jquery.js - 304 Not Modified (0ms)


Started GET "/assets/application.js?body=1" for 127.0.0.1 at 2014-06-05 21:14:11 +0300
Served asset /application.js - 304 Not Modified (0ms)


Started GET "/assets/jquery_ujs.js?body=1" for 127.0.0.1 at 2014-06-05 21:14:11 +0300
Served asset /jquery_ujs.js - 304 Not Modified (0ms)


Started GET "/movies/11" for 127.0.0.1 at 2014-06-05 21:14:25 +0300
Processing by MoviesController#show as HTML
  Parameters: {"id"=>"11"}
  [1m[36mMovie Load (0.2ms)[0m  [1mSELECT "movies".* FROM "movies" WHERE "movies"."id" = ? LIMIT 1[0m  [["id", "11"]]
  Rendered movies/show.html.haml within layouts/application (5.9ms)
Completed 200 OK in 12.8ms (Views: 11.1ms | ActiveRecord: 0.2ms)


Started GET "/assets/application.css?body=1" for 127.0.0.1 at 2014-06-05 21:14:25 +0300
Served asset /application.css - 304 Not Modified (0ms)


Started GET "/assets/jquery.js?body=1" for 127.0.0.1 at 2014-06-05 21:14:25 +0300
Served asset /jquery.js - 304 Not Modified (0ms)


Started GET "/assets/jquery_ujs.js?body=1" for 127.0.0.1 at 2014-06-05 21:14:25 +0300
Served asset /jquery_ujs.js - 304 Not Modified (0ms)


Started GET "/assets/application.js?body=1" for 127.0.0.1 at 2014-06-05 21:14:25 +0300
Served asset /application.js - 304 Not Modified (0ms)


Started GET "/movies/with_the_same_director/11" for 127.0.0.1 at 2014-06-05 21:14:26 +0300
Processing by MoviesController#with_the_same_director as HTML
  Parameters: {"id"=>"11"}
  [1m[35mMovie Load (0.2ms)[0m  SELECT "movies".* FROM "movies" WHERE "movies"."id" = 11 LIMIT 1
  [1m[36mMovie Load (0.2ms)[0m  [1mSELECT "movies".* FROM "movies" WHERE "movies"."director" IS NULL[0m
  Rendered movies/with_the_same_director.html.haml within layouts/application (14.2ms)
Completed 200 OK in 23.3ms (Views: 19.5ms | ActiveRecord: 0.4ms)


Started GET "/assets/jquery.js?body=1" for 127.0.0.1 at 2014-06-05 21:14:26 +0300
Served asset /jquery.js - 304 Not Modified (0ms)


Started GET "/assets/application.css?body=1" for 127.0.0.1 at 2014-06-05 21:14:26 +0300
Served asset /application.css - 304 Not Modified (0ms)


Started GET "/assets/jquery_ujs.js?body=1" for 127.0.0.1 at 2014-06-05 21:14:26 +0300
Served asset /jquery_ujs.js - 304 Not Modified (0ms)


Started GET "/assets/application.js?body=1" for 127.0.0.1 at 2014-06-05 21:14:26 +0300
Served asset /application.js - 304 Not Modified (0ms)


Started GET "/movies/" for 127.0.0.1 at 2014-06-05 21:14:40 +0300
Processing by MoviesController#index as HTML
  [1m[35mMovie Load (0.3ms)[0m  SELECT "movies".* FROM "movies" WHERE "movies"."rating" IN ('G', 'PG', 'PG-13', 'NC-17', 'R')
  Rendered movies/index.html.haml within layouts/application (12.0ms)
Completed 200 OK in 20.0ms (Views: 17.3ms | ActiveRecord: 0.3ms)


Started GET "/assets/jquery.js?body=1" for 127.0.0.1 at 2014-06-05 21:14:40 +0300
Served asset /jquery.js - 304 Not Modified (0ms)


Started GET "/assets/jquery_ujs.js?body=1" for 127.0.0.1 at 2014-06-05 21:14:40 +0300
Served asset /jquery_ujs.js - 304 Not Modified (0ms)


Started GET "/assets/application.js?body=1" for 127.0.0.1 at 2014-06-05 21:14:40 +0300
Served asset /application.js - 304 Not Modified (0ms)


Started GET "/assets/application.css?body=1" for 127.0.0.1 at 2014-06-05 21:14:40 +0300
Served asset /application.css - 304 Not Modified (0ms)


Started GET "/movies/11" for 127.0.0.1 at 2014-06-05 21:14:44 +0300
Processing by MoviesController#show as HTML
  Parameters: {"id"=>"11"}
  [1m[36mMovie Load (0.1ms)[0m  [1mSELECT "movies".* FROM "movies" WHERE "movies"."id" = ? LIMIT 1[0m  [["id", "11"]]
  Rendered movies/show.html.haml within layouts/application (2.3ms)
Completed 200 OK in 9.3ms (Views: 7.8ms | ActiveRecord: 0.1ms)


Started GET "/assets/jquery.js?body=1" for 127.0.0.1 at 2014-06-05 21:14:44 +0300
Served asset /jquery.js - 304 Not Modified (0ms)


Started GET "/assets/application.css?body=1" for 127.0.0.1 at 2014-06-05 21:14:44 +0300
Served asset /application.css - 304 Not Modified (0ms)


Started GET "/assets/jquery_ujs.js?body=1" for 127.0.0.1 at 2014-06-05 21:14:44 +0300
Served asset /jquery_ujs.js - 304 Not Modified (0ms)


Started GET "/assets/application.js?body=1" for 127.0.0.1 at 2014-06-05 21:14:44 +0300
Served asset /application.js - 304 Not Modified (0ms)


Started GET "/movies/11/edit" for 127.0.0.1 at 2014-06-05 21:14:46 +0300
Processing by MoviesController#edit as HTML
  Parameters: {"id"=>"11"}
  [1m[35mMovie Load (0.1ms)[0m  SELECT "movies".* FROM "movies" WHERE "movies"."id" = ? LIMIT 1  [["id", "11"]]
  Rendered movies/edit.html.haml within layouts/application (18.4ms)
Completed 200 OK in 25.4ms (Views: 23.7ms | ActiveRecord: 0.1ms)


Started GET "/assets/application.css?body=1" for 127.0.0.1 at 2014-06-05 21:14:46 +0300
Served asset /application.css - 304 Not Modified (0ms)


Started GET "/assets/jquery.js?body=1" for 127.0.0.1 at 2014-06-05 21:14:46 +0300
Served asset /jquery.js - 304 Not Modified (0ms)


Started GET "/assets/jquery_ujs.js?body=1" for 127.0.0.1 at 2014-06-05 21:14:46 +0300
Served asset /jquery_ujs.js - 304 Not Modified (0ms)


Started GET "/assets/application.js?body=1" for 127.0.0.1 at 2014-06-05 21:14:46 +0300
Served asset /application.js - 304 Not Modified (0ms)


Started PUT "/movies/11" for 127.0.0.1 at 2014-06-05 21:14:52 +0300
Processing by MoviesController#update as HTML
  Parameters: {"utf8"=>"✓", "authenticity_token"=>"tF0+20N17WI5qM8a9lI8jhCYooh2efr/E2tjsuqdLR0=", "movie"=>{"title"=>"Aladdin", "rating"=>"G", "release_date(1i)"=>"1992", "release_date(2i)"=>"11", "release_date(3i)"=>"25", "director"=>"Lala"}, "commit"=>"Update Movie Info", "id"=>"11"}
  [1m[36mMovie Load (0.1ms)[0m  [1mSELECT "movies".* FROM "movies" WHERE "movies"."id" = ? LIMIT 1[0m  [["id", "11"]]
  [1m[35m (0.1ms)[0m  begin transaction
  [1m[36m (0.4ms)[0m  [1mUPDATE "movies" SET "director" = 'Lala', "updated_at" = '2014-06-05 18:14:52.499550' WHERE "movies"."id" = 11[0m
  [1m[35m (9.8ms)[0m  commit transaction
Redirected to http://localhost:3000/movies/11
Completed 302 Found in 21.7ms (ActiveRecord: 10.4ms)


Started GET "/movies/11" for 127.0.0.1 at 2014-06-05 21:14:52 +0300
Processing by MoviesController#show as HTML
  Parameters: {"id"=>"11"}
  [1m[36mMovie Load (0.1ms)[0m  [1mSELECT "movies".* FROM "movies" WHERE "movies"."id" = ? LIMIT 1[0m  [["id", "11"]]
  Rendered movies/show.html.haml within layouts/application (2.2ms)
Completed 200 OK in 9.2ms (Views: 7.5ms | ActiveRecord: 0.1ms)


Started GET "/assets/application.css?body=1" for 127.0.0.1 at 2014-06-05 21:14:52 +0300
Served asset /application.css - 304 Not Modified (0ms)


Started GET "/assets/jquery.js?body=1" for 127.0.0.1 at 2014-06-05 21:14:52 +0300
Served asset /jquery.js - 304 Not Modified (0ms)


Started GET "/assets/jquery_ujs.js?body=1" for 127.0.0.1 at 2014-06-05 21:14:52 +0300
Served asset /jquery_ujs.js - 304 Not Modified (0ms)


Started GET "/assets/application.js?body=1" for 127.0.0.1 at 2014-06-05 21:14:52 +0300
Served asset /application.js - 304 Not Modified (0ms)


Started GET "/movies/1" for 127.0.0.1 at 2014-06-05 21:14:59 +0300
Processing by MoviesController#show as HTML
  Parameters: {"id"=>"1"}
  [1m[35mMovie Load (0.1ms)[0m  SELECT "movies".* FROM "movies" WHERE "movies"."id" = ? LIMIT 1  [["id", "1"]]
  Rendered movies/show.html.haml within layouts/application (2.2ms)
Completed 200 OK in 8.4ms (Views: 7.1ms | ActiveRecord: 0.1ms)


Started GET "/assets/application.css?body=1" for 127.0.0.1 at 2014-06-05 21:14:59 +0300
Served asset /application.css - 304 Not Modified (0ms)


Started GET "/assets/jquery_ujs.js?body=1" for 127.0.0.1 at 2014-06-05 21:14:59 +0300
Served asset /jquery_ujs.js - 304 Not Modified (0ms)


Started GET "/assets/application.js?body=1" for 127.0.0.1 at 2014-06-05 21:14:59 +0300
Served asset /application.js - 304 Not Modified (0ms)


Started GET "/assets/jquery.js?body=1" for 127.0.0.1 at 2014-06-05 21:14:59 +0300
Served asset /jquery.js - 304 Not Modified (0ms)


Started GET "/movies/with_the_same_director/1" for 127.0.0.1 at 2014-06-05 21:15:05 +0300
Processing by MoviesController#with_the_same_director as HTML
  Parameters: {"id"=>"1"}
  [1m[36mMovie Load (0.2ms)[0m  [1mSELECT "movies".* FROM "movies" WHERE "movies"."id" = 1 LIMIT 1[0m
  [1m[35mMovie Load (0.2ms)[0m  SELECT "movies".* FROM "movies" WHERE "movies"."director" IS NULL
  Rendered movies/with_the_same_director.html.haml within layouts/application (9.3ms)
Completed 200 OK in 18.6ms (Views: 15.0ms | ActiveRecord: 0.4ms)


Started GET "/assets/application.css?body=1" for 127.0.0.1 at 2014-06-05 21:15:05 +0300
Served asset /application.css - 304 Not Modified (0ms)


Started GET "/assets/jquery.js?body=1" for 127.0.0.1 at 2014-06-05 21:15:05 +0300
Served asset /jquery.js - 304 Not Modified (0ms)


Started GET "/assets/jquery_ujs.js?body=1" for 127.0.0.1 at 2014-06-05 21:15:05 +0300
Served asset /jquery_ujs.js - 304 Not Modified (0ms)


Started GET "/assets/application.js?body=1" for 127.0.0.1 at 2014-06-05 21:15:05 +0300
Served asset /application.js - 304 Not Modified (0ms)


Started GET "/movies/with_the_same_director/1" for 127.0.0.1 at 2014-06-05 21:16:07 +0300
Processing by MoviesController#with_the_same_director as HTML
  Parameters: {"id"=>"1"}
  [1m[36mMovie Load (0.1ms)[0m  [1mSELECT "movies".* FROM "movies" WHERE "movies"."id" = 1 LIMIT 1[0m
  [1m[35mMovie Load (0.3ms)[0m  SELECT "movies".* FROM "movies" WHERE "movies"."director" IS NULL
  Rendered movies/with_the_same_director.html.haml within layouts/application (11.1ms)
Completed 200 OK in 38.2ms (Views: 17.5ms | ActiveRecord: 1.0ms)


Started GET "/assets/jquery_ujs.js?body=1" for 127.0.0.1 at 2014-06-05 21:16:07 +0300
Served asset /jquery_ujs.js - 304 Not Modified (0ms)


Started GET "/assets/jquery.js?body=1" for 127.0.0.1 at 2014-06-05 21:16:07 +0300
Served asset /jquery.js - 304 Not Modified (0ms)


Started GET "/assets/application.css?body=1" for 127.0.0.1 at 2014-06-05 21:16:07 +0300
Served asset /application.css - 304 Not Modified (0ms)


Started GET "/assets/application.js?body=1" for 127.0.0.1 at 2014-06-05 21:16:07 +0300
Served asset /application.js - 304 Not Modified (0ms)


Started GET "/movies/with_the_same_director/1" for 127.0.0.1 at 2014-06-05 21:16:09 +0300
Processing by MoviesController#with_the_same_director as HTML
  Parameters: {"id"=>"1"}
  [1m[36mMovie Load (0.2ms)[0m  [1mSELECT "movies".* FROM "movies" WHERE "movies"."id" = 1 LIMIT 1[0m
  [1m[35mMovie Load (0.3ms)[0m  SELECT "movies".* FROM "movies" WHERE "movies"."director" IS NULL
  Rendered movies/with_the_same_director.html.haml within layouts/application (8.9ms)
Completed 200 OK in 17.5ms (Views: 14.2ms | ActiveRecord: 0.4ms)


Started GET "/assets/application.css?body=1" for 127.0.0.1 at 2014-06-05 21:16:09 +0300
Served asset /application.css - 304 Not Modified (0ms)


Started GET "/assets/jquery.js?body=1" for 127.0.0.1 at 2014-06-05 21:16:09 +0300
Served asset /jquery.js - 304 Not Modified (0ms)


Started GET "/assets/jquery_ujs.js?body=1" for 127.0.0.1 at 2014-06-05 21:16:09 +0300
Served asset /jquery_ujs.js - 304 Not Modified (0ms)


Started GET "/assets/application.js?body=1" for 127.0.0.1 at 2014-06-05 21:16:09 +0300
Served asset /application.js - 304 Not Modified (0ms)


Started GET "/movies/with_the_same_director/1" for 127.0.0.1 at 2014-06-05 21:16:09 +0300
Processing by MoviesController#with_the_same_director as HTML
  Parameters: {"id"=>"1"}
  [1m[36mMovie Load (0.2ms)[0m  [1mSELECT "movies".* FROM "movies" WHERE "movies"."id" = 1 LIMIT 1[0m
  [1m[35mMovie Load (0.3ms)[0m  SELECT "movies".* FROM "movies" WHERE "movies"."director" IS NULL
  Rendered movies/with_the_same_director.html.haml within layouts/application (9.2ms)
Completed 200 OK in 18.7ms (Views: 14.5ms | ActiveRecord: 0.5ms)


Started GET "/assets/jquery_ujs.js?body=1" for 127.0.0.1 at 2014-06-05 21:16:09 +0300
Served asset /jquery_ujs.js - 304 Not Modified (0ms)


Started GET "/assets/jquery.js?body=1" for 127.0.0.1 at 2014-06-05 21:16:09 +0300
Served asset /jquery.js - 304 Not Modified (0ms)


Started GET "/assets/application.js?body=1" for 127.0.0.1 at 2014-06-05 21:16:09 +0300
Served asset /application.js - 304 Not Modified (0ms)


Started GET "/assets/application.css?body=1" for 127.0.0.1 at 2014-06-05 21:16:09 +0300
Served asset /application.css - 304 Not Modified (0ms)


Started GET "/movies/with_the_same_director/1" for 127.0.0.1 at 2014-06-05 21:16:10 +0300
Processing by MoviesController#with_the_same_director as HTML
  Parameters: {"id"=>"1"}
  [1m[36mMovie Load (0.2ms)[0m  [1mSELECT "movies".* FROM "movies" WHERE "movies"."id" = 1 LIMIT 1[0m
  [1m[35mMovie Load (0.2ms)[0m  SELECT "movies".* FROM "movies" WHERE "movies"."director" IS NULL
  Rendered movies/with_the_same_director.html.haml within layouts/application (9.0ms)
Completed 200 OK in 17.1ms (Views: 14.2ms | ActiveRecord: 0.4ms)


Started GET "/assets/application.css?body=1" for 127.0.0.1 at 2014-06-05 21:16:10 +0300
Served asset /application.css - 304 Not Modified (0ms)


Started GET "/assets/jquery_ujs.js?body=1" for 127.0.0.1 at 2014-06-05 21:16:10 +0300
Served asset /jquery_ujs.js - 304 Not Modified (0ms)


Started GET "/assets/jquery.js?body=1" for 127.0.0.1 at 2014-06-05 21:16:10 +0300
Served asset /jquery.js - 304 Not Modified (0ms)


Started GET "/assets/application.js?body=1" for 127.0.0.1 at 2014-06-05 21:16:10 +0300
Served asset /application.js - 304 Not Modified (0ms)


Started GET "/movies/1" for 127.0.0.1 at 2014-06-05 21:16:13 +0300
Processing by MoviesController#show as HTML
  Parameters: {"id"=>"1"}
  [1m[36mMovie Load (0.2ms)[0m  [1mSELECT "movies".* FROM "movies" WHERE "movies"."id" = ? LIMIT 1[0m  [["id", "1"]]
  Rendered movies/show.html.haml within layouts/application (2.1ms)
Completed 200 OK in 8.9ms (Views: 7.1ms | ActiveRecord: 0.2ms)


Started GET "/assets/application.css?body=1" for 127.0.0.1 at 2014-06-05 21:16:13 +0300
Served asset /application.css - 304 Not Modified (0ms)


Started GET "/assets/jquery.js?body=1" for 127.0.0.1 at 2014-06-05 21:16:13 +0300
Served asset /jquery.js - 304 Not Modified (0ms)


Started GET "/assets/application.js?body=1" for 127.0.0.1 at 2014-06-05 21:16:13 +0300
Served asset /application.js - 304 Not Modified (0ms)


Started GET "/assets/jquery_ujs.js?body=1" for 127.0.0.1 at 2014-06-05 21:16:13 +0300
Served asset /jquery_ujs.js - 304 Not Modified (0ms)


Started GET "/movies/with_the_same_director/1" for 127.0.0.1 at 2014-06-05 22:15:12 +0300
Processing by MoviesController#with_the_same_director as HTML
  Parameters: {"id"=>"1"}
  [1m[35mMovie Load (0.2ms)[0m  SELECT "movies".* FROM "movies" WHERE "movies"."id" = 1 LIMIT 1
  [1m[36mMovie Load (0.4ms)[0m  [1mSELECT "movies".* FROM "movies" WHERE "movies"."director" IS NULL[0m
Redirected to http://localhost:3000/movies
Completed 302 Found in 19.7ms (ActiveRecord: 1.0ms)


Started GET "/movies" for 127.0.0.1 at 2014-06-05 22:15:12 +0300
Processing by MoviesController#index as HTML
  [1m[35mMovie Load (0.3ms)[0m  SELECT "movies".* FROM "movies" WHERE "movies"."rating" IN ('G', 'PG', 'PG-13', 'NC-17', 'R')
  Rendered movies/index.html.haml within layouts/application (15.5ms)
Completed 200 OK in 24.2ms (Views: 21.3ms | ActiveRecord: 0.3ms)


Started GET "/assets/jquery.js?body=1" for 127.0.0.1 at 2014-06-05 22:15:12 +0300
Served asset /jquery.js - 304 Not Modified (0ms)


Started GET "/assets/application.css?body=1" for 127.0.0.1 at 2014-06-05 22:15:12 +0300
Served asset /application.css - 304 Not Modified (0ms)


Started GET "/assets/jquery_ujs.js?body=1" for 127.0.0.1 at 2014-06-05 22:15:12 +0300
Served asset /jquery_ujs.js - 304 Not Modified (0ms)


Started GET "/assets/application.js?body=1" for 127.0.0.1 at 2014-06-05 22:15:12 +0300
Served asset /application.js - 304 Not Modified (0ms)


Started GET "/movies/1" for 127.0.0.1 at 2014-06-05 22:15:14 +0300
Processing by MoviesController#show as HTML
  Parameters: {"id"=>"1"}
  [1m[36mMovie Load (0.2ms)[0m  [1mSELECT "movies".* FROM "movies" WHERE "movies"."id" = ? LIMIT 1[0m  [["id", "1"]]
  Rendered movies/show.html.haml within layouts/application (2.2ms)
Completed 200 OK in 9.0ms (Views: 7.3ms | ActiveRecord: 0.2ms)


Started GET "/assets/application.css?body=1" for 127.0.0.1 at 2014-06-05 22:15:14 +0300
Served asset /application.css - 304 Not Modified (0ms)


Started GET "/assets/application.js?body=1" for 127.0.0.1 at 2014-06-05 22:15:14 +0300
Served asset /application.js - 304 Not Modified (0ms)


Started GET "/assets/jquery.js?body=1" for 127.0.0.1 at 2014-06-05 22:15:14 +0300
Served asset /jquery.js - 304 Not Modified (0ms)


Started GET "/assets/jquery_ujs.js?body=1" for 127.0.0.1 at 2014-06-05 22:15:14 +0300
Served asset /jquery_ujs.js - 304 Not Modified (0ms)


Started GET "/movies/with_the_same_director/1" for 127.0.0.1 at 2014-06-05 22:15:16 +0300
Processing by MoviesController#with_the_same_director as HTML
  Parameters: {"id"=>"1"}
  [1m[35mMovie Load (0.2ms)[0m  SELECT "movies".* FROM "movies" WHERE "movies"."id" = 1 LIMIT 1
  [1m[36mMovie Load (0.2ms)[0m  [1mSELECT "movies".* FROM "movies" WHERE "movies"."director" IS NULL[0m
Redirected to http://localhost:3000/movies
Completed 302 Found in 4.2ms (ActiveRecord: 0.4ms)


Started GET "/movies" for 127.0.0.1 at 2014-06-05 22:15:16 +0300
Processing by MoviesController#index as HTML
  [1m[35mMovie Load (0.3ms)[0m  SELECT "movies".* FROM "movies" WHERE "movies"."rating" IN ('G', 'PG', 'PG-13', 'NC-17', 'R')
  Rendered movies/index.html.haml within layouts/application (11.6ms)
Completed 200 OK in 18.9ms (Views: 16.6ms | ActiveRecord: 0.3ms)


Started GET "/assets/application.css?body=1" for 127.0.0.1 at 2014-06-05 22:15:16 +0300
Served asset /application.css - 304 Not Modified (0ms)


Started GET "/assets/jquery.js?body=1" for 127.0.0.1 at 2014-06-05 22:15:16 +0300
Served asset /jquery.js - 304 Not Modified (0ms)


Started GET "/assets/application.js?body=1" for 127.0.0.1 at 2014-06-05 22:15:16 +0300
Served asset /application.js - 304 Not Modified (0ms)


Started GET "/assets/jquery_ujs.js?body=1" for 127.0.0.1 at 2014-06-05 22:15:16 +0300
Served asset /jquery_ujs.js - 304 Not Modified (0ms)


Started GET "/movies/1" for 127.0.0.1 at 2014-06-05 22:15:29 +0300
Processing by MoviesController#show as HTML
  Parameters: {"id"=>"1"}
  [1m[36mMovie Load (0.2ms)[0m  [1mSELECT "movies".* FROM "movies" WHERE "movies"."id" = ? LIMIT 1[0m  [["id", "1"]]
  Rendered movies/show.html.haml within layouts/application (2.1ms)
Completed 200 OK in 19.8ms (Views: 7.4ms | ActiveRecord: 0.6ms)


Started GET "/assets/application.css?body=1" for 127.0.0.1 at 2014-06-05 22:15:29 +0300
Served asset /application.css - 304 Not Modified (0ms)


Started GET "/assets/jquery.js?body=1" for 127.0.0.1 at 2014-06-05 22:15:29 +0300
Served asset /jquery.js - 304 Not Modified (0ms)


Started GET "/assets/application.js?body=1" for 127.0.0.1 at 2014-06-05 22:15:29 +0300
Served asset /application.js - 304 Not Modified (0ms)


Started GET "/assets/jquery_ujs.js?body=1" for 127.0.0.1 at 2014-06-05 22:15:29 +0300
Served asset /jquery_ujs.js - 304 Not Modified (0ms)


Started GET "/movies/with_the_same_director/1" for 127.0.0.1 at 2014-06-05 22:15:31 +0300
Processing by MoviesController#with_the_same_director as HTML
  Parameters: {"id"=>"1"}
  [1m[35mMovie Load (0.2ms)[0m  SELECT "movies".* FROM "movies" WHERE "movies"."id" = 1 LIMIT 1
  [1m[36mMovie Load (0.2ms)[0m  [1mSELECT "movies".* FROM "movies" WHERE "movies"."director" IS NULL[0m
  Rendered movies/with_the_same_director.html.haml within layouts/application (9.3ms)
Completed 200 OK in 18.3ms (Views: 14.4ms | ActiveRecord: 0.4ms)


Started GET "/assets/jquery.js?body=1" for 127.0.0.1 at 2014-06-05 22:15:31 +0300
Served asset /jquery.js - 304 Not Modified (0ms)


Started GET "/assets/application.css?body=1" for 127.0.0.1 at 2014-06-05 22:15:31 +0300
Served asset /application.css - 304 Not Modified (0ms)


Started GET "/assets/application.js?body=1" for 127.0.0.1 at 2014-06-05 22:15:31 +0300
Served asset /application.js - 304 Not Modified (0ms)


Started GET "/assets/jquery_ujs.js?body=1" for 127.0.0.1 at 2014-06-05 22:15:31 +0300
Served asset /jquery_ujs.js - 304 Not Modified (0ms)


Started GET "/movies/1" for 127.0.0.1 at 2014-06-05 22:15:39 +0300
Processing by MoviesController#show as HTML
  Parameters: {"id"=>"1"}
  [1m[35mMovie Load (0.1ms)[0m  SELECT "movies".* FROM "movies" WHERE "movies"."id" = ? LIMIT 1  [["id", "1"]]
  Rendered movies/show.html.haml within layouts/application (2.2ms)
Completed 200 OK in 8.8ms (Views: 7.2ms | ActiveRecord: 0.1ms)


Started GET "/assets/jquery_ujs.js?body=1" for 127.0.0.1 at 2014-06-05 22:15:39 +0300
Served asset /jquery_ujs.js - 304 Not Modified (0ms)


Started GET "/assets/application.js?body=1" for 127.0.0.1 at 2014-06-05 22:15:39 +0300
Served asset /application.js - 304 Not Modified (0ms)


Started GET "/assets/jquery.js?body=1" for 127.0.0.1 at 2014-06-05 22:15:39 +0300
Served asset /jquery.js - 304 Not Modified (0ms)


Started GET "/assets/application.css?body=1" for 127.0.0.1 at 2014-06-05 22:15:39 +0300
Served asset /application.css - 304 Not Modified (0ms)


Started GET "/movies/1/edit" for 127.0.0.1 at 2014-06-05 22:15:40 +0300
Processing by MoviesController#edit as HTML
  Parameters: {"id"=>"1"}
  [1m[36mMovie Load (0.1ms)[0m  [1mSELECT "movies".* FROM "movies" WHERE "movies"."id" = ? LIMIT 1[0m  [["id", "1"]]
  Rendered movies/edit.html.haml within layouts/application (6.2ms)
Completed 200 OK in 12.8ms (Views: 11.1ms | ActiveRecord: 0.1ms)


Started GET "/assets/application.css?body=1" for 127.0.0.1 at 2014-06-05 22:15:40 +0300
Served asset /application.css - 304 Not Modified (0ms)


Started GET "/assets/jquery.js?body=1" for 127.0.0.1 at 2014-06-05 22:15:40 +0300
Served asset /jquery.js - 304 Not Modified (0ms)


Started GET "/assets/jquery_ujs.js?body=1" for 127.0.0.1 at 2014-06-05 22:15:40 +0300
Served asset /jquery_ujs.js - 304 Not Modified (0ms)


Started GET "/assets/application.js?body=1" for 127.0.0.1 at 2014-06-05 22:15:40 +0300
Served asset /application.js - 304 Not Modified (0ms)


Started PUT "/movies/1" for 127.0.0.1 at 2014-06-05 22:15:43 +0300
Processing by MoviesController#update as HTML
  Parameters: {"utf8"=>"✓", "authenticity_token"=>"tF0+20N17WI5qM8a9lI8jhCYooh2efr/E2tjsuqdLR0=", "movie"=>{"title"=>"Aladdin", "rating"=>"G", "release_date(1i)"=>"1992", "release_date(2i)"=>"11", "release_date(3i)"=>"25", "director"=>"Asd"}, "commit"=>"Update Movie Info", "id"=>"1"}
  [1m[35mMovie Load (0.1ms)[0m  SELECT "movies".* FROM "movies" WHERE "movies"."id" = ? LIMIT 1  [["id", "1"]]
  [1m[36m (0.1ms)[0m  [1mbegin transaction[0m
  [1m[35m (0.4ms)[0m  UPDATE "movies" SET "director" = 'Asd', "updated_at" = '2014-06-05 19:15:43.795080' WHERE "movies"."id" = 1
  [1m[36m (37.8ms)[0m  [1mcommit transaction[0m
Redirected to http://localhost:3000/movies/1
Completed 302 Found in 44.4ms (ActiveRecord: 38.3ms)


Started GET "/movies/1" for 127.0.0.1 at 2014-06-05 22:15:43 +0300
Processing by MoviesController#show as HTML
  Parameters: {"id"=>"1"}
  [1m[35mMovie Load (0.1ms)[0m  SELECT "movies".* FROM "movies" WHERE "movies"."id" = ? LIMIT 1  [["id", "1"]]
  Rendered movies/show.html.haml within layouts/application (2.1ms)
Completed 200 OK in 8.0ms (Views: 6.7ms | ActiveRecord: 0.1ms)


Started GET "/assets/application.css?body=1" for 127.0.0.1 at 2014-06-05 22:15:43 +0300
Served asset /application.css - 304 Not Modified (0ms)


Started GET "/assets/jquery.js?body=1" for 127.0.0.1 at 2014-06-05 22:15:43 +0300
Served asset /jquery.js - 304 Not Modified (0ms)


Started GET "/assets/jquery_ujs.js?body=1" for 127.0.0.1 at 2014-06-05 22:15:43 +0300
Served asset /jquery_ujs.js - 304 Not Modified (0ms)


Started GET "/assets/application.js?body=1" for 127.0.0.1 at 2014-06-05 22:15:43 +0300
Served asset /application.js - 304 Not Modified (0ms)


Started GET "/movies/" for 127.0.0.1 at 2014-06-05 22:15:50 +0300
Processing by MoviesController#index as HTML
  [1m[36mMovie Load (0.3ms)[0m  [1mSELECT "movies".* FROM "movies" WHERE "movies"."rating" IN ('G', 'PG', 'PG-13', 'NC-17', 'R')[0m
  Rendered movies/index.html.haml within layouts/application (11.6ms)
Completed 200 OK in 19.7ms (Views: 16.8ms | ActiveRecord: 0.3ms)


Started GET "/assets/application.css?body=1" for 127.0.0.1 at 2014-06-05 22:15:50 +0300
Served asset /application.css - 304 Not Modified (0ms)


Started GET "/assets/jquery_ujs.js?body=1" for 127.0.0.1 at 2014-06-05 22:15:50 +0300
Served asset /jquery_ujs.js - 304 Not Modified (0ms)


Started GET "/assets/application.js?body=1" for 127.0.0.1 at 2014-06-05 22:15:50 +0300
Served asset /application.js - 304 Not Modified (0ms)


Started GET "/assets/jquery.js?body=1" for 127.0.0.1 at 2014-06-05 22:15:50 +0300
Served asset /jquery.js - 304 Not Modified (0ms)


Started GET "/movies/1" for 127.0.0.1 at 2014-06-05 22:15:55 +0300
Processing by MoviesController#show as HTML
  Parameters: {"id"=>"1"}
  [1m[35mMovie Load (0.1ms)[0m  SELECT "movies".* FROM "movies" WHERE "movies"."id" = ? LIMIT 1  [["id", "1"]]
  Rendered movies/show.html.haml within layouts/application (2.3ms)
Completed 200 OK in 8.6ms (Views: 7.3ms | ActiveRecord: 0.1ms)


Started GET "/assets/application.css?body=1" for 127.0.0.1 at 2014-06-05 22:15:55 +0300
Served asset /application.css - 304 Not Modified (0ms)


Started GET "/assets/application.js?body=1" for 127.0.0.1 at 2014-06-05 22:15:55 +0300
Served asset /application.js - 304 Not Modified (0ms)


Started GET "/assets/jquery.js?body=1" for 127.0.0.1 at 2014-06-05 22:15:55 +0300
Served asset /jquery.js - 304 Not Modified (0ms)


Started GET "/assets/jquery_ujs.js?body=1" for 127.0.0.1 at 2014-06-05 22:15:55 +0300
Served asset /jquery_ujs.js - 304 Not Modified (1ms)


Started GET "/movies/with_the_same_director/1" for 127.0.0.1 at 2014-06-05 22:15:57 +0300
Processing by MoviesController#with_the_same_director as HTML
  Parameters: {"id"=>"1"}
  [1m[36mMovie Load (0.2ms)[0m  [1mSELECT "movies".* FROM "movies" WHERE "movies"."id" = 1 LIMIT 1[0m
  [1m[35mMovie Load (0.1ms)[0m  SELECT "movies".* FROM "movies" WHERE "movies"."director" = 'Asd'
  Rendered movies/with_the_same_director.html.haml within layouts/application (1.9ms)
Completed 200 OK in 9.8ms (Views: 7.5ms | ActiveRecord: 0.3ms)


Started GET "/assets/application.css?body=1" for 127.0.0.1 at 2014-06-05 22:15:57 +0300
Served asset /application.css - 304 Not Modified (0ms)


Started GET "/assets/application.js?body=1" for 127.0.0.1 at 2014-06-05 22:15:57 +0300
Served asset /application.js - 304 Not Modified (0ms)


Started GET "/assets/jquery.js?body=1" for 127.0.0.1 at 2014-06-05 22:15:57 +0300
Served asset /jquery.js - 304 Not Modified (0ms)


Started GET "/assets/jquery_ujs.js?body=1" for 127.0.0.1 at 2014-06-05 22:15:57 +0300
Served asset /jquery_ujs.js - 304 Not Modified (0ms)


Started GET "/movies/1" for 127.0.0.1 at 2014-06-05 22:19:20 +0300
Processing by MoviesController#show as HTML
  Parameters: {"id"=>"1"}
  [1m[36mMovie Load (0.1ms)[0m  [1mSELECT "movies".* FROM "movies" WHERE "movies"."id" = ? LIMIT 1[0m  [["id", "1"]]
  Rendered movies/show.html.haml within layouts/application (2.1ms)
Completed 200 OK in 23.5ms (Views: 8.7ms | ActiveRecord: 0.6ms)


Started GET "/assets/jquery_ujs.js?body=1" for 127.0.0.1 at 2014-06-05 22:19:20 +0300
Served asset /jquery_ujs.js - 304 Not Modified (0ms)


Started GET "/assets/jquery.js?body=1" for 127.0.0.1 at 2014-06-05 22:19:20 +0300
Served asset /jquery.js - 304 Not Modified (0ms)


Started GET "/assets/application.css?body=1" for 127.0.0.1 at 2014-06-05 22:19:20 +0300
Served asset /application.css - 304 Not Modified (0ms)


Started GET "/assets/application.js?body=1" for 127.0.0.1 at 2014-06-05 22:19:20 +0300
Served asset /application.js - 304 Not Modified (0ms)


Started GET "/movies/with_the_same_director/1" for 127.0.0.1 at 2014-06-05 22:19:21 +0300
Processing by MoviesController#with_the_same_director as HTML
  Parameters: {"id"=>"1"}
  [1m[35mMovie Load (0.2ms)[0m  SELECT "movies".* FROM "movies" WHERE "movies"."id" = 1 LIMIT 1
  [1m[36mMovie Load (0.1ms)[0m  [1mSELECT "movies".* FROM "movies" WHERE "movies"."director" = 'Asd'[0m
Completed 500 Internal Server Error in 3.2ms

NoMethodError (undefined method `not' for #<ActiveRecord::Relation:0x007fe908eb9800>):
  app/controllers/movies_controller.rb:69:in `with_the_same_director'


  Rendered /Users/bogan/.rvm/gems/ruby-1.9.3-p286/gems/actionpack-3.2.18/lib/action_dispatch/middleware/templates/rescues/_trace.erb (1.9ms)
  Rendered /Users/bogan/.rvm/gems/ruby-1.9.3-p286/gems/actionpack-3.2.18/lib/action_dispatch/middleware/templates/rescues/_request_and_response.erb (1.4ms)
  Rendered /Users/bogan/.rvm/gems/ruby-1.9.3-p286/gems/actionpack-3.2.18/lib/action_dispatch/middleware/templates/rescues/diagnostics.erb within rescues/layout (16.2ms)


Started GET "/movies/1" for 127.0.0.1 at 2014-06-05 22:20:22 +0300
Processing by MoviesController#show as HTML
  Parameters: {"id"=>"1"}
  [1m[35mMovie Load (0.1ms)[0m  SELECT "movies".* FROM "movies" WHERE "movies"."id" = ? LIMIT 1  [["id", "1"]]
  Rendered movies/show.html.haml within layouts/application (2.1ms)
Completed 200 OK in 20.0ms (Views: 7.5ms | ActiveRecord: 0.6ms)


Started GET "/assets/jquery.js?body=1" for 127.0.0.1 at 2014-06-05 22:20:22 +0300
Served asset /jquery.js - 304 Not Modified (0ms)


Started GET "/assets/application.css?body=1" for 127.0.0.1 at 2014-06-05 22:20:22 +0300
Served asset /application.css - 304 Not Modified (0ms)


Started GET "/assets/jquery_ujs.js?body=1" for 127.0.0.1 at 2014-06-05 22:20:22 +0300
Served asset /jquery_ujs.js - 304 Not Modified (0ms)


Started GET "/assets/application.js?body=1" for 127.0.0.1 at 2014-06-05 22:20:22 +0300
Served asset /application.js - 304 Not Modified (0ms)


Started GET "/movies/with_the_same_director/1" for 127.0.0.1 at 2014-06-05 22:20:23 +0300
Processing by MoviesController#with_the_same_director as HTML
  Parameters: {"id"=>"1"}
  [1m[36mMovie Load (0.2ms)[0m  [1mSELECT "movies".* FROM "movies" WHERE "movies"."id" = 1 LIMIT 1[0m
  [1m[35mMovie Load (0.1ms)[0m  SELECT "movies".* FROM "movies" WHERE "movies"."director" = 'Asd'
Completed 500 Internal Server Error in 3.9ms

NoMethodError (undefined method `not' for #<ActiveRecord::Relation:0x007fe90ae6fdc0>):
  app/controllers/movies_controller.rb:69:in `with_the_same_director'


  Rendered /Users/bogan/.rvm/gems/ruby-1.9.3-p286/gems/actionpack-3.2.18/lib/action_dispatch/middleware/templates/rescues/_trace.erb (1.9ms)
  Rendered /Users/bogan/.rvm/gems/ruby-1.9.3-p286/gems/actionpack-3.2.18/lib/action_dispatch/middleware/templates/rescues/_request_and_response.erb (1.3ms)
  Rendered /Users/bogan/.rvm/gems/ruby-1.9.3-p286/gems/actionpack-3.2.18/lib/action_dispatch/middleware/templates/rescues/diagnostics.erb within rescues/layout (14.5ms)


Started GET "/movies/1" for 127.0.0.1 at 2014-06-05 22:20:43 +0300
Processing by MoviesController#show as HTML
  Parameters: {"id"=>"1"}
  [1m[36mMovie Load (0.1ms)[0m  [1mSELECT "movies".* FROM "movies" WHERE "movies"."id" = ? LIMIT 1[0m  [["id", "1"]]
  Rendered movies/show.html.haml within layouts/application (2.5ms)
Completed 200 OK in 64.6ms (Views: 7.8ms | ActiveRecord: 0.6ms)


Started GET "/assets/application.css?body=1" for 127.0.0.1 at 2014-06-05 22:20:43 +0300
Served asset /application.css - 304 Not Modified (0ms)


Started GET "/assets/jquery_ujs.js?body=1" for 127.0.0.1 at 2014-06-05 22:20:43 +0300
Served asset /jquery_ujs.js - 304 Not Modified (0ms)


Started GET "/assets/jquery.js?body=1" for 127.0.0.1 at 2014-06-05 22:20:43 +0300
Served asset /jquery.js - 304 Not Modified (0ms)


Started GET "/assets/application.js?body=1" for 127.0.0.1 at 2014-06-05 22:20:43 +0300
Served asset /application.js - 304 Not Modified (0ms)


Started GET "/movies/with_the_same_director/1" for 127.0.0.1 at 2014-06-05 22:20:44 +0300
Processing by MoviesController#with_the_same_director as HTML
  Parameters: {"id"=>"1"}
  [1m[35mMovie Load (0.2ms)[0m  SELECT "movies".* FROM "movies" WHERE "movies"."id" = 1 LIMIT 1
  [1m[36mMovie Load (0.1ms)[0m  [1mSELECT "movies".* FROM "movies" WHERE "movies"."director" = 'Asd'[0m
  Rendered movies/with_the_same_director.html.haml within layouts/application (1.7ms)
Completed 200 OK in 9.4ms (Views: 6.8ms | ActiveRecord: 0.3ms)


Started GET "/assets/application.css?body=1" for 127.0.0.1 at 2014-06-05 22:20:44 +0300
Served asset /application.css - 304 Not Modified (0ms)


Started GET "/assets/jquery.js?body=1" for 127.0.0.1 at 2014-06-05 22:20:44 +0300
Served asset /jquery.js - 304 Not Modified (0ms)


Started GET "/assets/jquery_ujs.js?body=1" for 127.0.0.1 at 2014-06-05 22:20:44 +0300
Served asset /jquery_ujs.js - 304 Not Modified (0ms)


Started GET "/assets/application.js?body=1" for 127.0.0.1 at 2014-06-05 22:20:44 +0300
Served asset /application.js - 304 Not Modified (0ms)


Started GET "/movies/1" for 127.0.0.1 at 2014-06-05 22:21:20 +0300
Processing by MoviesController#show as HTML
  Parameters: {"id"=>"1"}
  [1m[35mMovie Load (0.1ms)[0m  SELECT "movies".* FROM "movies" WHERE "movies"."id" = ? LIMIT 1  [["id", "1"]]
  Rendered movies/show.html.haml within layouts/application (2.8ms)
Completed 200 OK in 22.1ms (Views: 9.9ms | ActiveRecord: 0.5ms)


Started GET "/assets/jquery_ujs.js?body=1" for 127.0.0.1 at 2014-06-05 22:21:20 +0300
Served asset /jquery_ujs.js - 304 Not Modified (0ms)


Started GET "/assets/jquery.js?body=1" for 127.0.0.1 at 2014-06-05 22:21:20 +0300
Served asset /jquery.js - 304 Not Modified (0ms)


Started GET "/assets/application.css?body=1" for 127.0.0.1 at 2014-06-05 22:21:20 +0300
Served asset /application.css - 304 Not Modified (0ms)


Started GET "/assets/application.js?body=1" for 127.0.0.1 at 2014-06-05 22:21:20 +0300
Served asset /application.js - 304 Not Modified (0ms)


Started GET "/movies/with_the_same_director/1" for 127.0.0.1 at 2014-06-05 22:21:21 +0300
Processing by MoviesController#with_the_same_director as HTML
  Parameters: {"id"=>"1"}
  [1m[36mMovie Load (0.2ms)[0m  [1mSELECT "movies".* FROM "movies" WHERE "movies"."id" = 1 LIMIT 1[0m
  [1m[35mMovie Load (0.4ms)[0m  SELECT "movies".* FROM "movies" WHERE "director"."director" = 'Asd' LIMIT 1
SQLite3::SQLException: no such column: director.director: SELECT  "movies".* FROM "movies"  WHERE "director"."director" = 'Asd' LIMIT 1
Completed 500 Internal Server Error in 3.7ms

ActiveRecord::StatementInvalid (SQLite3::SQLException: no such column: director.director: SELECT  "movies".* FROM "movies"  WHERE "director"."director" = 'Asd' LIMIT 1):
  app/controllers/movies_controller.rb:69:in `with_the_same_director'


  Rendered /Users/bogan/.rvm/gems/ruby-1.9.3-p286/gems/actionpack-3.2.18/lib/action_dispatch/middleware/templates/rescues/_trace.erb (2.0ms)
  Rendered /Users/bogan/.rvm/gems/ruby-1.9.3-p286/gems/actionpack-3.2.18/lib/action_dispatch/middleware/templates/rescues/_request_and_response.erb (1.4ms)
  Rendered /Users/bogan/.rvm/gems/ruby-1.9.3-p286/gems/actionpack-3.2.18/lib/action_dispatch/middleware/templates/rescues/diagnostics.erb within rescues/layout (14.5ms)


Started GET "/movies/1" for 127.0.0.1 at 2014-06-05 22:21:35 +0300
Processing by MoviesController#show as HTML
  Parameters: {"id"=>"1"}
  [1m[36mMovie Load (0.1ms)[0m  [1mSELECT "movies".* FROM "movies" WHERE "movies"."id" = ? LIMIT 1[0m  [["id", "1"]]
  Rendered movies/show.html.haml within layouts/application (2.1ms)
Completed 200 OK in 20.2ms (Views: 7.5ms | ActiveRecord: 0.6ms)


Started GET "/assets/jquery.js?body=1" for 127.0.0.1 at 2014-06-05 22:21:35 +0300
Served asset /jquery.js - 304 Not Modified (0ms)


Started GET "/assets/jquery_ujs.js?body=1" for 127.0.0.1 at 2014-06-05 22:21:35 +0300
Served asset /jquery_ujs.js - 304 Not Modified (0ms)


Started GET "/assets/application.js?body=1" for 127.0.0.1 at 2014-06-05 22:21:35 +0300
Served asset /application.js - 304 Not Modified (0ms)


Started GET "/assets/application.css?body=1" for 127.0.0.1 at 2014-06-05 22:21:35 +0300
Served asset /application.css - 304 Not Modified (0ms)


Started GET "/movies/with_the_same_director/1" for 127.0.0.1 at 2014-06-05 22:21:36 +0300
Processing by MoviesController#with_the_same_director as HTML
  Parameters: {"id"=>"1"}
  [1m[35mMovie Load (0.2ms)[0m  SELECT "movies".* FROM "movies" WHERE "movies"."id" = 1 LIMIT 1
  [1m[36mMovie Load (0.1ms)[0m  [1mSELECT "movies".* FROM "movies" WHERE "movies"."director" = 'Asd' LIMIT 1[0m
Redirected to http://localhost:3000/movies
Completed 302 Found in 3.0ms (ActiveRecord: 0.3ms)


Started GET "/movies" for 127.0.0.1 at 2014-06-05 22:21:36 +0300
Processing by MoviesController#index as HTML
  [1m[35mMovie Load (0.4ms)[0m  SELECT "movies".* FROM "movies" WHERE "movies"."rating" IN ('G', 'PG', 'PG-13', 'NC-17', 'R')
  Rendered movies/index.html.haml within layouts/application (59.1ms)
Completed 200 OK in 68.0ms (Views: 64.8ms | ActiveRecord: 0.4ms)


Started GET "/assets/application.css?body=1" for 127.0.0.1 at 2014-06-05 22:21:36 +0300
Served asset /application.css - 304 Not Modified (0ms)


Started GET "/assets/jquery.js?body=1" for 127.0.0.1 at 2014-06-05 22:21:36 +0300
Served asset /jquery.js - 304 Not Modified (0ms)


Started GET "/assets/application.js?body=1" for 127.0.0.1 at 2014-06-05 22:21:36 +0300
Served asset /application.js - 304 Not Modified (0ms)


Started GET "/assets/jquery_ujs.js?body=1" for 127.0.0.1 at 2014-06-05 22:21:36 +0300
Served asset /jquery_ujs.js - 304 Not Modified (0ms)


Started GET "/movies" for 127.0.0.1 at 2014-06-05 22:25:42 +0300
Processing by MoviesController#index as HTML
  [1m[36mMovie Load (0.3ms)[0m  [1mSELECT "movies".* FROM "movies" WHERE "movies"."rating" IN ('G', 'PG', 'PG-13', 'NC-17', 'R')[0m
  Rendered movies/index.html.haml within layouts/application (12.4ms)
Completed 200 OK in 35.9ms (Views: 19.6ms | ActiveRecord: 0.8ms)


Started GET "/assets/jquery.js?body=1" for 127.0.0.1 at 2014-06-05 22:25:42 +0300
Served asset /jquery.js - 304 Not Modified (0ms)


Started GET "/assets/application.js?body=1" for 127.0.0.1 at 2014-06-05 22:25:42 +0300
Served asset /application.js - 304 Not Modified (0ms)


Started GET "/assets/jquery_ujs.js?body=1" for 127.0.0.1 at 2014-06-05 22:25:42 +0300
Served asset /jquery_ujs.js - 304 Not Modified (0ms)


Started GET "/assets/application.css?body=1" for 127.0.0.1 at 2014-06-05 22:25:42 +0300
Served asset /application.css - 304 Not Modified (0ms)


Started GET "/movies/1" for 127.0.0.1 at 2014-06-05 22:25:43 +0300
Processing by MoviesController#show as HTML
  Parameters: {"id"=>"1"}
  [1m[35mMovie Load (0.3ms)[0m  SELECT "movies".* FROM "movies" WHERE "movies"."id" = ? LIMIT 1  [["id", "1"]]
  Rendered movies/show.html.haml within layouts/application (3.0ms)
Completed 200 OK in 11.1ms (Views: 9.1ms | ActiveRecord: 0.3ms)


Started GET "/assets/jquery_ujs.js?body=1" for 127.0.0.1 at 2014-06-05 22:25:43 +0300
Served asset /jquery_ujs.js - 304 Not Modified (0ms)


Started GET "/assets/jquery.js?body=1" for 127.0.0.1 at 2014-06-05 22:25:43 +0300
Served asset /jquery.js - 304 Not Modified (0ms)


Started GET "/assets/application.css?body=1" for 127.0.0.1 at 2014-06-05 22:25:43 +0300
Served asset /application.css - 304 Not Modified (0ms)


Started GET "/assets/application.js?body=1" for 127.0.0.1 at 2014-06-05 22:25:43 +0300
Served asset /application.js - 304 Not Modified (0ms)


Started GET "/movies/with_the_same_director/1" for 127.0.0.1 at 2014-06-05 22:25:45 +0300
Processing by MoviesController#with_the_same_director as HTML
  Parameters: {"id"=>"1"}
  [1m[36mMovie Load (0.2ms)[0m  [1mSELECT "movies".* FROM "movies" WHERE "movies"."id" = 1 LIMIT 1[0m
  [1m[35mMovie Load (0.1ms)[0m  SELECT "movies".* FROM "movies" WHERE "movies"."director" = 'Asd'
Redirected to http://localhost:3000/movies
Completed 302 Found in 3.4ms (ActiveRecord: 0.3ms)


Started GET "/movies" for 127.0.0.1 at 2014-06-05 22:25:45 +0300
Processing by MoviesController#index as HTML
  [1m[36mMovie Load (0.3ms)[0m  [1mSELECT "movies".* FROM "movies" WHERE "movies"."rating" IN ('G', 'PG', 'PG-13', 'NC-17', 'R')[0m
  Rendered movies/index.html.haml within layouts/application (14.3ms)
Completed 200 OK in 22.1ms (Views: 19.8ms | ActiveRecord: 0.3ms)


Started GET "/assets/application.css?body=1" for 127.0.0.1 at 2014-06-05 22:25:45 +0300
Served asset /application.css - 304 Not Modified (1ms)


Started GET "/assets/jquery_ujs.js?body=1" for 127.0.0.1 at 2014-06-05 22:25:45 +0300
Served asset /jquery_ujs.js - 304 Not Modified (0ms)


Started GET "/assets/jquery.js?body=1" for 127.0.0.1 at 2014-06-05 22:25:45 +0300
Served asset /jquery.js - 304 Not Modified (0ms)


Started GET "/assets/application.js?body=1" for 127.0.0.1 at 2014-06-05 22:25:45 +0300
Served asset /application.js - 304 Not Modified (0ms)


Started GET "/movies/2" for 127.0.0.1 at 2014-06-05 22:26:53 +0300
Processing by MoviesController#show as HTML
  Parameters: {"id"=>"2"}
  [1m[35mMovie Load (0.1ms)[0m  SELECT "movies".* FROM "movies" WHERE "movies"."id" = ? LIMIT 1  [["id", "2"]]
  Rendered movies/show.html.haml within layouts/application (2.2ms)
Completed 200 OK in 8.3ms (Views: 7.0ms | ActiveRecord: 0.1ms)


Started GET "/assets/application.css?body=1" for 127.0.0.1 at 2014-06-05 22:26:53 +0300
Served asset /application.css - 304 Not Modified (0ms)


Started GET "/assets/jquery_ujs.js?body=1" for 127.0.0.1 at 2014-06-05 22:26:53 +0300
Served asset /jquery_ujs.js - 304 Not Modified (0ms)


Started GET "/assets/application.js?body=1" for 127.0.0.1 at 2014-06-05 22:26:53 +0300
Served asset /application.js - 304 Not Modified (0ms)


Started GET "/assets/jquery.js?body=1" for 127.0.0.1 at 2014-06-05 22:26:53 +0300
Served asset /jquery.js - 304 Not Modified (0ms)


Started GET "/movies/with_the_same_director/2" for 127.0.0.1 at 2014-06-05 22:26:55 +0300
Processing by MoviesController#with_the_same_director as HTML
  Parameters: {"id"=>"2"}
  [1m[36mMovie Load (0.2ms)[0m  [1mSELECT "movies".* FROM "movies" WHERE "movies"."id" = 2 LIMIT 1[0m
  [1m[35mMovie Load (0.2ms)[0m  SELECT "movies".* FROM "movies" WHERE "movies"."director" IS NULL
Redirected to http://localhost:3000/movies
Completed 302 Found in 3.7ms (ActiveRecord: 0.4ms)


Started GET "/movies" for 127.0.0.1 at 2014-06-05 22:26:55 +0300
Processing by MoviesController#index as HTML
  [1m[36mMovie Load (0.3ms)[0m  [1mSELECT "movies".* FROM "movies" WHERE "movies"."rating" IN ('G', 'PG', 'PG-13', 'NC-17', 'R')[0m
  Rendered movies/index.html.haml within layouts/application (11.7ms)
Completed 200 OK in 20.1ms (Views: 17.7ms | ActiveRecord: 0.3ms)


Started GET "/assets/application.css?body=1" for 127.0.0.1 at 2014-06-05 22:26:55 +0300
Served asset /application.css - 304 Not Modified (0ms)


Started GET "/assets/jquery.js?body=1" for 127.0.0.1 at 2014-06-05 22:26:55 +0300
Served asset /jquery.js - 304 Not Modified (0ms)


Started GET "/assets/application.js?body=1" for 127.0.0.1 at 2014-06-05 22:26:55 +0300
Served asset /application.js - 304 Not Modified (0ms)


Started GET "/assets/jquery_ujs.js?body=1" for 127.0.0.1 at 2014-06-05 22:26:55 +0300
Served asset /jquery_ujs.js - 304 Not Modified (0ms)


Started GET "/movies" for 127.0.0.1 at 2014-06-05 22:29:17 +0300
Processing by MoviesController#index as HTML
  [1m[35mMovie Load (0.3ms)[0m  SELECT "movies".* FROM "movies" WHERE "movies"."rating" IN ('G', 'PG', 'PG-13', 'NC-17', 'R')
  Rendered movies/index.html.haml within layouts/application (11.7ms)
Completed 200 OK in 31.8ms (Views: 17.5ms | ActiveRecord: 0.8ms)


Started GET "/assets/jquery.js?body=1" for 127.0.0.1 at 2014-06-05 22:29:17 +0300
Served asset /jquery.js - 304 Not Modified (0ms)


Started GET "/assets/application.css?body=1" for 127.0.0.1 at 2014-06-05 22:29:17 +0300
Served asset /application.css - 304 Not Modified (0ms)


Started GET "/assets/jquery_ujs.js?body=1" for 127.0.0.1 at 2014-06-05 22:29:17 +0300
Served asset /jquery_ujs.js - 304 Not Modified (0ms)


<<<<<<< HEAD
Started GET "/assets/application.js?body=1" for 127.0.0.1 at 2014-06-05 22:29:17 +0300
Served asset /application.js - 304 Not Modified (0ms)


Started GET "/movies/1" for 127.0.0.1 at 2014-06-05 22:29:18 +0300
Processing by MoviesController#show as HTML
  Parameters: {"id"=>"1"}
  [1m[36mMovie Load (0.2ms)[0m  [1mSELECT "movies".* FROM "movies" WHERE "movies"."id" = ? LIMIT 1[0m  [["id", "1"]]
  Rendered movies/show.html.haml within layouts/application (2.1ms)
Completed 200 OK in 9.0ms (Views: 7.2ms | ActiveRecord: 0.2ms)


Started GET "/assets/application.css?body=1" for 127.0.0.1 at 2014-06-05 22:29:19 +0300
Served asset /application.css - 304 Not Modified (0ms)


Started GET "/assets/jquery.js?body=1" for 127.0.0.1 at 2014-06-05 22:29:19 +0300
Served asset /jquery.js - 304 Not Modified (0ms)


Started GET "/assets/jquery_ujs.js?body=1" for 127.0.0.1 at 2014-06-05 22:29:19 +0300
Served asset /jquery_ujs.js - 304 Not Modified (0ms)


Started GET "/assets/application.js?body=1" for 127.0.0.1 at 2014-06-05 22:29:19 +0300
Served asset /application.js - 304 Not Modified (0ms)


Started GET "/movies/with_the_same_director/1" for 127.0.0.1 at 2014-06-05 22:29:20 +0300
Processing by MoviesController#with_the_same_director as HTML
  Parameters: {"id"=>"1"}
  [1m[35mMovie Load (0.2ms)[0m  SELECT "movies".* FROM "movies" WHERE "movies"."id" = 1 LIMIT 1
  [1m[36mMovie Load (0.1ms)[0m  [1mSELECT "movies".* FROM "movies" WHERE "movies"."director" = 'Asd'[0m
  Rendered movies/with_the_same_director.html.haml within layouts/application (2.5ms)
Completed 500 Internal Server Error in 7.1ms

ActionView::Template::Error (undefined method `each' for #<Movie:0x007fe907d067c0>):
    7:       %th{:class => @date_header}= link_to 'Release Date', movies_path(:sort => 'release_date', :ratings => @selected_ratings), :id => 'release_date_header'
    8:       %th More Info
    9:   %tbody
    10:     - @movies_with_the_same_director.each do |movie|
    11:       %tr
    12:         %td= movie.title 
    13:         %td= movie.rating
  app/views/movies/with_the_same_director.html.haml:10:in `_app_views_movies_with_the_same_director_html_haml___3830918201835662283_70319426156920'


  Rendered /Users/bogan/.rvm/gems/ruby-1.9.3-p286/gems/actionpack-3.2.18/lib/action_dispatch/middleware/templates/rescues/_trace.erb (1.9ms)
  Rendered /Users/bogan/.rvm/gems/ruby-1.9.3-p286/gems/actionpack-3.2.18/lib/action_dispatch/middleware/templates/rescues/_request_and_response.erb (1.5ms)
  Rendered /Users/bogan/.rvm/gems/ruby-1.9.3-p286/gems/actionpack-3.2.18/lib/action_dispatch/middleware/templates/rescues/template_error.erb within rescues/layout (13.9ms)


Started GET "/movies/with_the_same_director/1" for 127.0.0.1 at 2014-06-05 22:29:56 +0300
Processing by MoviesController#with_the_same_director as HTML
  Parameters: {"id"=>"1"}
  [1m[35mMovie Load (0.1ms)[0m  SELECT "movies".* FROM "movies" WHERE "movies"."id" = 1 LIMIT 1
  [1m[36mMovie Load (0.2ms)[0m  [1mSELECT "movies".* FROM "movies" WHERE "movies"."director" = 'Asd'[0m
  Rendered movies/with_the_same_director.html.haml within layouts/application (1.6ms)
Completed 200 OK in 20.8ms (Views: 7.0ms | ActiveRecord: 0.8ms)


Started GET "/assets/jquery.js?body=1" for 127.0.0.1 at 2014-06-05 22:29:56 +0300
Served asset /jquery.js - 304 Not Modified (0ms)


Started GET "/assets/jquery_ujs.js?body=1" for 127.0.0.1 at 2014-06-05 22:29:56 +0300
Served asset /jquery_ujs.js - 304 Not Modified (0ms)


Started GET "/assets/application.js?body=1" for 127.0.0.1 at 2014-06-05 22:29:56 +0300
Served asset /application.js - 304 Not Modified (0ms)


Started GET "/assets/application.css?body=1" for 127.0.0.1 at 2014-06-05 22:29:56 +0300
Served asset /application.css - 304 Not Modified (0ms)


Started GET "/movies/with_the_same_director/1" for 127.0.0.1 at 2014-06-05 22:31:11 +0300
Processing by MoviesController#with_the_same_director as HTML
  Parameters: {"id"=>"1"}
  [1m[35mMovie Load (0.1ms)[0m  SELECT "movies".* FROM "movies" WHERE "movies"."id" = 1 LIMIT 1
  [1m[36mMovie Load (0.2ms)[0m  [1mSELECT "movies".* FROM "movies" WHERE "movies"."director" = 'Asd'[0m
  Rendered movies/with_the_same_director.html.haml within layouts/application (2.4ms)
Completed 500 Internal Server Error in 19.0ms

ActionView::Template::Error (undefined method `each' for #<Movie:0x007fe9088494e8>):
    7:       %th{:class => @date_header}= link_to 'Release Date', movies_path(:sort => 'release_date', :ratings => @selected_ratings), :id => 'release_date_header'
    8:       %th More Info
    9:   %tbody
    10:     - @movies_with_the_same_director.each do |movie|
    11:       %tr
    12:         %td= movie.title 
    13:         %td= movie.rating
  app/views/movies/with_the_same_director.html.haml:10:in `_app_views_movies_with_the_same_director_html_haml___3830918201835662283_70319426156920'


  Rendered /Users/bogan/.rvm/gems/ruby-1.9.3-p286/gems/actionpack-3.2.18/lib/action_dispatch/middleware/templates/rescues/_trace.erb (1.9ms)
  Rendered /Users/bogan/.rvm/gems/ruby-1.9.3-p286/gems/actionpack-3.2.18/lib/action_dispatch/middleware/templates/rescues/_request_and_response.erb (1.3ms)
  Rendered /Users/bogan/.rvm/gems/ruby-1.9.3-p286/gems/actionpack-3.2.18/lib/action_dispatch/middleware/templates/rescues/template_error.erb within rescues/layout (13.8ms)


Started GET "/movies/1" for 127.0.0.1 at 2014-06-05 22:38:36 +0300
Processing by MoviesController#show as HTML
  Parameters: {"id"=>"1"}
  [1m[35mMovie Load (0.1ms)[0m  SELECT "movies".* FROM "movies" WHERE "movies"."id" = ? LIMIT 1  [["id", "1"]]
  Rendered movies/show.html.haml within layouts/application (2.2ms)
Completed 200 OK in 20.4ms (Views: 7.5ms | ActiveRecord: 0.6ms)


Started GET "/assets/application.css?body=1" for 127.0.0.1 at 2014-06-05 22:38:36 +0300
Served asset /application.css - 304 Not Modified (0ms)


Started GET "/assets/jquery_ujs.js?body=1" for 127.0.0.1 at 2014-06-05 22:38:36 +0300
Served asset /jquery_ujs.js - 304 Not Modified (0ms)


Started GET "/assets/jquery.js?body=1" for 127.0.0.1 at 2014-06-05 22:38:36 +0300
Served asset /jquery.js - 304 Not Modified (0ms)


Started GET "/assets/application.js?body=1" for 127.0.0.1 at 2014-06-05 22:38:36 +0300
Served asset /application.js - 304 Not Modified (0ms)


Started GET "/movies/with_the_same_director/1" for 127.0.0.1 at 2014-06-05 22:38:37 +0300
Processing by MoviesController#with_the_same_director as HTML
  Parameters: {"id"=>"1"}
  [1m[36mMovie Load (0.2ms)[0m  [1mSELECT "movies".* FROM "movies" WHERE "movies"."id" = 1 LIMIT 1[0m
  [1m[35mMovie Load (0.1ms)[0m  SELECT "movies".* FROM "movies" WHERE "movies"."director" = 'Asd'
  Rendered movies/with_the_same_director.html.haml within layouts/application (1.6ms)
Completed 200 OK in 8.9ms (Views: 6.4ms | ActiveRecord: 0.3ms)


Started GET "/assets/application.css?body=1" for 127.0.0.1 at 2014-06-05 22:38:37 +0300
Served asset /application.css - 304 Not Modified (0ms)


Started GET "/assets/jquery_ujs.js?body=1" for 127.0.0.1 at 2014-06-05 22:38:37 +0300
Served asset /jquery_ujs.js - 304 Not Modified (0ms)


Started GET "/assets/jquery.js?body=1" for 127.0.0.1 at 2014-06-05 22:38:37 +0300
Served asset /jquery.js - 304 Not Modified (0ms)


Started GET "/assets/application.js?body=1" for 127.0.0.1 at 2014-06-05 22:38:37 +0300
Served asset /application.js - 304 Not Modified (0ms)
=======
Started GET "/assets/jquery_ujs.self.js?body=1" for ::1 at 2015-07-28 12:40:07 -0700
  [1m[36m (0.2ms)[0m  [1mSELECT "schema_migrations"."version" FROM "schema_migrations"[0m
  [1m[36m (14.1ms)[0m  [1mCREATE TABLE "schema_migrations" ("version" varchar NOT NULL) [0m
  [1m[35m (0.1ms)[0m  select sqlite_version(*)
  [1m[36m (8.1ms)[0m  [1mCREATE UNIQUE INDEX "unique_schema_migrations" ON "schema_migrations" ("version")[0m
  [1m[35mActiveRecord::SchemaMigration Load (0.3ms)[0m  SELECT "schema_migrations".* FROM "schema_migrations"
Migrating to CreateMovies (20111119180638)
  [1m[36m (0.1ms)[0m  [1mbegin transaction[0m
DEPRECATION WARNING: `#timestamp` was called without specifying an option for `null`. In Rails 5, this behavior will change to `null: false`. You should manually specify `null: true` to prevent the behavior of your existing migrations from changing. (called from block in up at /home/ubuntu/workspace/hw-bdd-tdd-cycle/rottenpotatoes/db/migrate/20111119180638_create_movies.rb:10)
  [1m[35m (0.6ms)[0m  CREATE TABLE "movies" ("id" INTEGER PRIMARY KEY AUTOINCREMENT NOT NULL, "title" varchar, "rating" varchar, "description" text, "release_date" datetime, "created_at" datetime, "updated_at" datetime) 
  [1m[36mSQL (0.2ms)[0m  [1mINSERT INTO "schema_migrations" ("version") VALUES (?)[0m  [["version", "20111119180638"]]
  [1m[35m (16.3ms)[0m  commit transaction
  [1m[36mActiveRecord::SchemaMigration Load (0.2ms)[0m  [1mSELECT "schema_migrations".* FROM "schema_migrations"[0m
  [1m[36m (0.2ms)[0m  [1mSELECT "schema_migrations"."version" FROM "schema_migrations"[0m


Started GET "/movies" for 113.22.37.87 at 2016-05-01 18:50:52 +0000
Processing by MoviesController#index as HTML
Redirected to https://hw-rails-intro-trantuananh1996-1.c9users.io/movies?ratings%5BG%5D=1&ratings%5BNC-17%5D=1&ratings%5BPG%5D=1&ratings%5BPG-13%5D=1&ratings%5BR%5D=1
Completed 302 Found in 63ms (ActiveRecord: 0.0ms)


Started GET "/movies?ratings%5BG%5D=1&ratings%5BNC-17%5D=1&ratings%5BPG%5D=1&ratings%5BPG-13%5D=1&ratings%5BR%5D=1" for 113.22.37.87 at 2016-05-01 18:50:52 +0000
Processing by MoviesController#index as HTML
  Parameters: {"ratings"=>{"G"=>"1", "NC-17"=>"1", "PG"=>"1", "PG-13"=>"1", "R"=>"1"}}
  [1m[36mMovie Load (0.3ms)[0m  [1mSELECT "movies".* FROM "movies" WHERE "movies"."rating" IN ('G', 'NC-17', 'PG', 'PG-13', 'R')[0m
  Rendered movies/index.html.haml within layouts/application (40.4ms)
Completed 200 OK in 446ms (Views: 420.4ms | ActiveRecord: 7.0ms)


Started GET "/assets/application.self.css?body=1" for 113.22.37.87 at 2016-05-01 18:50:53 +0000


Started GET "/assets/jquery.self.js?body=1" for 113.22.37.87 at 2016-05-01 18:50:53 +0000


Started GET "/assets/jquery_ujs.self.js?body=1" for 113.22.37.87 at 2016-05-01 18:50:53 +0000


Started GET "/assets/application.self.js?body=1" for 113.22.37.87 at 2016-05-01 18:50:53 +0000


Started GET "/movies?utf8=%E2%9C%93&ratings%5BG%5D=1&ratings%5BPG%5D=1&ratings%5BPG-13%5D=1&ratings%5BNC-17%5D=1&ratings%5BR%5D=1&commit=Refresh" for 113.22.37.87 at 2016-05-01 18:50:55 +0000
Processing by MoviesController#index as HTML
  Parameters: {"utf8"=>"✓", "ratings"=>{"G"=>"1", "PG"=>"1", "PG-13"=>"1", "NC-17"=>"1", "R"=>"1"}, "commit"=>"Refresh"}
  [1m[35mMovie Load (0.3ms)[0m  SELECT "movies".* FROM "movies" WHERE "movies"."rating" IN ('G', 'PG', 'PG-13', 'NC-17', 'R')
  Rendered movies/index.html.haml within layouts/application (3.6ms)
Completed 200 OK in 26ms (Views: 24.3ms | ActiveRecord: 0.3ms)


Started GET "/assets/application.self.css?body=1" for 113.22.37.87 at 2016-05-01 18:50:55 +0000


Started GET "/assets/jquery_ujs.self.js?body=1" for 113.22.37.87 at 2016-05-01 18:50:55 +0000


Started GET "/assets/jquery.self.js?body=1" for 113.22.37.87 at 2016-05-01 18:50:55 +0000


Started GET "/assets/application.self.js?body=1" for 113.22.37.87 at 2016-05-01 18:50:55 +0000


Started GET "/movies?utf8=%E2%9C%93&ratings%5BPG-13%5D=1&commit=Refresh" for 113.22.37.87 at 2016-05-01 18:51:01 +0000
Processing by MoviesController#index as HTML
  Parameters: {"utf8"=>"✓", "ratings"=>{"PG-13"=>"1"}, "commit"=>"Refresh"}
Redirected to https://hw-rails-intro-trantuananh1996-1.c9users.io/movies?ratings%5BPG-13%5D=1
Completed 302 Found in 1ms (ActiveRecord: 0.0ms)


Started GET "/movies?ratings%5BPG-13%5D=1" for 113.22.37.87 at 2016-05-01 18:51:01 +0000
Processing by MoviesController#index as HTML
  Parameters: {"ratings"=>{"PG-13"=>"1"}}
  [1m[36mMovie Load (0.5ms)[0m  [1mSELECT "movies".* FROM "movies" WHERE "movies"."rating" = 'PG-13'[0m
  Rendered movies/index.html.haml within layouts/application (27.0ms)
Completed 200 OK in 96ms (Views: 66.7ms | ActiveRecord: 0.5ms)


Started GET "/assets/application.self.css?body=1" for 113.22.37.87 at 2016-05-01 18:51:01 +0000


Started GET "/assets/jquery.self.js?body=1" for 113.22.37.87 at 2016-05-01 18:51:01 +0000


Started GET "/assets/jquery_ujs.self.js?body=1" for 113.22.37.87 at 2016-05-01 18:51:01 +0000


Started GET "/assets/application.self.js?body=1" for 113.22.37.87 at 2016-05-01 18:51:01 +0000


Started GET "/movies?ratings%5BPG-13%5D=1" for 113.22.37.87 at 2016-05-01 18:52:09 +0000
Processing by MoviesController#index as HTML
  Parameters: {"ratings"=>{"PG-13"=>"1"}}
  [1m[35mMovie Load (0.3ms)[0m  SELECT "movies".* FROM "movies" WHERE "movies"."rating" = 'PG-13'
  Rendered movies/index.html.haml within layouts/application (8.4ms)
Completed 200 OK in 44ms (Views: 34.5ms | ActiveRecord: 1.0ms)


Started GET "/assets/application.self.css?body=1" for 113.22.37.87 at 2016-05-01 18:52:10 +0000


Started GET "/assets/jquery.self.js?body=1" for 113.22.37.87 at 2016-05-01 18:52:10 +0000


Started GET "/assets/application.self.js?body=1" for 113.22.37.87 at 2016-05-01 18:52:10 +0000


Started GET "/assets/jquery_ujs.self.js?body=1" for 113.22.37.87 at 2016-05-01 18:52:10 +0000
>>>>>>> origin/master


Started GET "/assets/rails.png" for 113.22.37.87 at 2016-05-01 19:26:34 +0000
Served asset /rails.png - 200 OK (2ms)


Started GET "/movies" for 113.22.37.87 at 2016-05-01 19:26:36 +0000

SyntaxError (/home/ubuntu/workspace/hw-bdd-tdd-cycle/rottenpotatoes/app/controllers/movies_controller.rb:2: syntax error, unexpected tLSHFT
<<<<<<< HEAD
  ^
/home/ubuntu/workspace/hw-bdd-tdd-cycle/rottenpotatoes/app/controllers/movies_controller.rb:8: syntax error, unexpected tRSHFT, expecting keyword_end
>>>>>>> origin/master
  ^):
  

Rendered /usr/local/rvm/gems/ruby-1.9.3-p551/gems/actionpack-3.1.0/lib/action_dispatch/middleware/templates/rescues/_trace.erb (1.9ms)
Rendered /usr/local/rvm/gems/ruby-1.9.3-p551/gems/actionpack-3.1.0/lib/action_dispatch/middleware/templates/rescues/_request_and_response.erb (50.3ms)
Rendered /usr/local/rvm/gems/ruby-1.9.3-p551/gems/actionpack-3.1.0/lib/action_dispatch/middleware/templates/rescues/diagnostics.erb within rescues/layout (63.7ms)


Started GET "/movies" for 113.22.37.87 at 2016-05-01 19:26:37 +0000

SyntaxError (/home/ubuntu/workspace/hw-bdd-tdd-cycle/rottenpotatoes/app/controllers/movies_controller.rb:2: syntax error, unexpected tLSHFT
<<<<<<< HEAD
  ^
/home/ubuntu/workspace/hw-bdd-tdd-cycle/rottenpotatoes/app/controllers/movies_controller.rb:8: syntax error, unexpected tRSHFT, expecting keyword_end
>>>>>>> origin/master
  ^):
  

Rendered /usr/local/rvm/gems/ruby-1.9.3-p551/gems/actionpack-3.1.0/lib/action_dispatch/middleware/templates/rescues/_trace.erb (1.3ms)
Rendered /usr/local/rvm/gems/ruby-1.9.3-p551/gems/actionpack-3.1.0/lib/action_dispatch/middleware/templates/rescues/_request_and_response.erb (0.8ms)
Rendered /usr/local/rvm/gems/ruby-1.9.3-p551/gems/actionpack-3.1.0/lib/action_dispatch/middleware/templates/rescues/diagnostics.erb within rescues/layout (6.7ms)


Started GET "/movies" for 113.22.37.87 at 2016-05-01 19:27:14 +0000
  Processing by MoviesController#index as HTML
  [1m[36mMovie Load (0.6ms)[0m  [1mSELECT "movies".* FROM "movies" WHERE "movies"."rating" IN ('G', 'PG', 'PG-13', 'NC-17', 'R')[0m
Rendered movies/index.html.haml within layouts/application (44.6ms)
Cache for Asset (application.js) is stale
/home/ankur/.rvm/gems/ruby-1.9.3-p194@global/gems/jquery-rails-2.1.1/vendor/assets/javascripts/jquery.js isn't in paths: /home/ubuntu/workspace/hw-bdd-tdd-cycle/rottenpotatoes/app/assets/images, /home/ubuntu/workspace/hw-bdd-tdd-cycle/rottenpotatoes/app/assets/javascripts, /home/ubuntu/workspace/hw-bdd-tdd-cycle/rottenpotatoes/app/assets/stylesheets, /home/ubuntu/workspace/hw-bdd-tdd-cycle/rottenpotatoes/vendor/assets/stylesheets, /usr/local/rvm/gems/ruby-1.9.3-p551/gems/jquery-rails-2.1.1/vendor/assets/javascripts
Compiled application.js  (5ms)  (pid 52625)
Compiled jquery.js  (3ms)  (pid 52625)
Compiled jquery_ujs.js  (0ms)  (pid 52625)
Completed 200 OK in 150ms (Views: 139.0ms | ActiveRecord: 1.0ms)


Started GET "/assets/jquery_ujs.js?body=1" for 113.22.37.87 at 2016-05-01 19:27:15 +0000
Served asset /jquery_ujs.js - 200 OK (10ms)


Started GET "/assets/application.css?body=1" for 113.22.37.87 at 2016-05-01 19:27:15 +0000
Served asset /application.css - 200 OK (5ms)


Started GET "/assets/jquery.js?body=1" for 113.22.37.87 at 2016-05-01 19:27:15 +0000
Served asset /jquery.js - 200 OK (9ms)


Started GET "/assets/application.js?body=1" for 113.22.37.87 at 2016-05-01 19:27:15 +0000
Served asset /application.js - 200 OK (45ms)


Started GET "/movies?utf8=%E2%9C%93&ratings%5BG%5D=1&ratings%5BPG%5D=1&ratings%5BPG-13%5D=1&commit=Refresh" for 113.22.37.87 at 2016-05-01 19:27:23 +0000
  Processing by MoviesController#index as HTML
  Parameters: {"utf8"=>"✓", "ratings"=>{"G"=>"1", "PG"=>"1", "PG-13"=>"1"}, "commit"=>"Refresh"}
Redirected to https://hw-rails-intro-trantuananh1996-1.c9users.io/movies?ratings%5BG%5D=1&ratings%5BPG%5D=1&ratings%5BPG-13%5D=1
Completed 302 Found in 2ms


Started GET "/movies?ratings%5BG%5D=1&ratings%5BPG%5D=1&ratings%5BPG-13%5D=1" for 113.22.37.87 at 2016-05-01 19:27:23 +0000
  Processing by MoviesController#index as HTML
  Parameters: {"ratings"=>{"G"=>"1", "PG"=>"1", "PG-13"=>"1"}}
  [1m[35mMovie Load (0.3ms)[0m  SELECT "movies".* FROM "movies" WHERE "movies"."rating" IN ('G', 'PG', 'PG-13')
Rendered movies/index.html.haml within layouts/application (22.8ms)
Completed 200 OK in 39ms (Views: 36.1ms | ActiveRecord: 1.0ms)


Started GET "/assets/jquery.js?body=1" for 113.22.37.87 at 2016-05-01 19:27:23 +0000
Served asset /jquery.js - 304 Not Modified (0ms)


Started GET "/assets/jquery_ujs.js?body=1" for 113.22.37.87 at 2016-05-01 19:27:23 +0000
Served asset /jquery_ujs.js - 304 Not Modified (0ms)


Started GET "/assets/application.js?body=1" for 113.22.37.87 at 2016-05-01 19:27:23 +0000
Served asset /application.js - 304 Not Modified (0ms)
